producer_class	xtools.gsea.Gsea
producer_timestamp	1422294902217
param	collapse	true
param	cls	/Users/nick/Desktop/gsea/pheno.cls#Q1_versus_Q4
param	plot_top_x	20
param	norm	meandiv
param	save_rnd_lists	false
param	median	false
param	num	100
param	scoring_scheme	weighted
param	make_sets	true
param	mode	Max_probe
param	gmx	/Users/nick/Desktop/gsea/full_lib.gmt
param	gui	false
param	chip	/Users/nick/Desktop/gsea/platform.chip
param	metric	log2_Ratio_of_Classes
param	rpt_label	my_analysis
param	help	false
param	order	descending
param	out	/Users/nick/gsea_home/output/jan26
param	permute	phenotype
param	rnd_type	no_balance
param	set_min	15
param	include_only_symbols	true
param	sort	real
param	rnd_seed	timestamp
param	nperm	1000
param	zip_report	false
param	set_max	500
param	res	/Users/nick/Desktop/gsea/q1xq4.gct

file	/Users/nick/gsea_home/output/jan26/my_analysis.Gsea.1422294902217/index.html
